<?xml version="1.0" encoding="UTF-8"?>
<testng-results skipped="0" failed="1" ignored="0" total="3" passed="2">
  <reporter-output>
  </reporter-output>
  <suite name="Suite" duration-ms="99597" started-at="2020-02-14T18:15:11 IST" finished-at="2020-02-14T18:16:50 IST">
    <groups>
    </groups>
    <test name="Test" duration-ms="99597" started-at="2020-02-14T18:15:11 IST" finished-at="2020-02-14T18:16:50 IST">
      <class name="com.nopcommerce.test.EcommerceTest">
        <test-method status="PASS" signature="setup()[pri:0, instance:com.nopcommerce.test.EcommerceTest@70e29e14]" name="setup" is-config="true" duration-ms="20514" started-at="2020-02-14T18:15:11 IST" finished-at="2020-02-14T18:15:31 IST">
          <reporter-output>
          </reporter-output>
        </test-method> <!-- setup -->
        <test-method status="PASS" signature="login()[pri:1, instance:com.nopcommerce.test.EcommerceTest@70e29e14]" name="login" duration-ms="12695" started-at="2020-02-14T18:15:32 IST" description="verifying login module" finished-at="2020-02-14T18:15:44 IST">
          <reporter-output>
          </reporter-output>
        </test-method> <!-- login -->
        <test-method status="PASS" signature="teardown()[pri:0, instance:com.nopcommerce.test.EcommerceTest@70e29e14]" name="teardown" is-config="true" duration-ms="103" started-at="2020-02-14T18:15:44 IST" finished-at="2020-02-14T18:15:44 IST">
          <reporter-output>
          </reporter-output>
        </test-method> <!-- teardown -->
        <test-method status="PASS" signature="setup()[pri:0, instance:com.nopcommerce.test.EcommerceTest@70e29e14]" name="setup" is-config="true" duration-ms="23006" started-at="2020-02-14T18:15:44 IST" finished-at="2020-02-14T18:16:07 IST">
          <reporter-output>
          </reporter-output>
        </test-method> <!-- setup -->
        <test-method status="FAIL" signature="registrationtest()[pri:2, instance:com.nopcommerce.test.EcommerceTest@70e29e14]" name="registrationtest" duration-ms="24275" started-at="2020-02-14T18:16:07 IST" finished-at="2020-02-14T18:16:32 IST">
          <exception class="java.lang.AssertionError">
            <message>
              <![CDATA[expected [The specified email already exists1] but found [[[ChromeDriver: chrome on WINDOWS (e9e154cf01b9ec6006ec27be9eb09fc9)] -> xpath: //li[text()='The specified email already exists']]]]]>
            </message>
            <full-stacktrace>
              <![CDATA[java.lang.AssertionError: expected [The specified email already exists1] but found [[[ChromeDriver: chrome on WINDOWS (e9e154cf01b9ec6006ec27be9eb09fc9)] -> xpath: //li[text()='The specified email already exists']]]
at org.testng.Assert.fail(Assert.java:97)
at org.testng.Assert.assertEqualsImpl(Assert.java:136)
at org.testng.Assert.assertEquals(Assert.java:118)
at org.testng.Assert.assertEquals(Assert.java:563)
at com.nopcommerce.test.EcommerceTest.registrationtest(EcommerceTest.java:121)
at sun.reflect.NativeMethodAccessorImpl.invoke0(Native Method)
at sun.reflect.NativeMethodAccessorImpl.invoke(NativeMethodAccessorImpl.java:62)
at sun.reflect.DelegatingMethodAccessorImpl.invoke(DelegatingMethodAccessorImpl.java:43)
at java.lang.reflect.Method.invoke(Method.java:498)
at org.testng.internal.MethodInvocationHelper.invokeMethod(MethodInvocationHelper.java:133)
at org.testng.internal.TestInvoker.invokeMethod(TestInvoker.java:584)
at org.testng.internal.TestInvoker.invokeTestMethod(TestInvoker.java:172)
at org.testng.internal.MethodRunner.runInSequence(MethodRunner.java:46)
at org.testng.internal.TestInvoker$MethodInvocationAgent.invoke(TestInvoker.java:804)
at org.testng.internal.TestInvoker.invokeTestMethods(TestInvoker.java:145)
at org.testng.internal.TestMethodWorker.invokeTestMethods(TestMethodWorker.java:146)
at org.testng.internal.TestMethodWorker.run(TestMethodWorker.java:128)
at java.util.ArrayList.forEach(ArrayList.java:1257)
at org.testng.TestRunner.privateRun(TestRunner.java:770)
at org.testng.TestRunner.run(TestRunner.java:591)
at org.testng.SuiteRunner.runTest(SuiteRunner.java:402)
at org.testng.SuiteRunner.runSequentially(SuiteRunner.java:396)
at org.testng.SuiteRunner.privateRun(SuiteRunner.java:355)
at org.testng.SuiteRunner.run(SuiteRunner.java:304)
at org.testng.SuiteRunnerWorker.runSuite(SuiteRunnerWorker.java:53)
at org.testng.SuiteRunnerWorker.run(SuiteRunnerWorker.java:96)
at org.testng.TestNG.runSuitesSequentially(TestNG.java:1180)
at org.testng.TestNG.runSuitesLocally(TestNG.java:1102)
at org.testng.TestNG.runSuites(TestNG.java:1032)
at org.testng.TestNG.run(TestNG.java:1000)
at org.apache.maven.surefire.testng.TestNGExecutor.run(TestNGExecutor.java:283)
at org.apache.maven.surefire.testng.TestNGXmlTestSuite.execute(TestNGXmlTestSuite.java:75)
at org.apache.maven.surefire.testng.TestNGProvider.invoke(TestNGProvider.java:120)
at org.apache.maven.surefire.booter.ForkedBooter.runSuitesInProcess(ForkedBooter.java:377)
at org.apache.maven.surefire.booter.ForkedBooter.execute(ForkedBooter.java:138)
at org.apache.maven.surefire.booter.ForkedBooter.run(ForkedBooter.java:465)
at org.apache.maven.surefire.booter.ForkedBooter.main(ForkedBooter.java:451)
]]>
            </full-stacktrace>
          </exception> <!-- java.lang.AssertionError -->
          <reporter-output>
          </reporter-output>
        </test-method> <!-- registrationtest -->
        <test-method status="PASS" signature="teardown()[pri:0, instance:com.nopcommerce.test.EcommerceTest@70e29e14]" name="teardown" is-config="true" duration-ms="147" started-at="2020-02-14T18:16:32 IST" finished-at="2020-02-14T18:16:32 IST">
          <reporter-output>
          </reporter-output>
        </test-method> <!-- teardown -->
        <test-method status="PASS" signature="setup()[pri:0, instance:com.nopcommerce.test.EcommerceTest@70e29e14]" name="setup" is-config="true" duration-ms="17618" started-at="2020-02-14T18:16:32 IST" finished-at="2020-02-14T18:16:50 IST">
          <reporter-output>
          </reporter-output>
        </test-method> <!-- setup -->
        <test-method status="PASS" signature="verifylogo()[pri:3, instance:com.nopcommerce.test.EcommerceTest@70e29e14]" name="verifylogo" duration-ms="73" started-at="2020-02-14T18:16:50 IST" description="verify logo" finished-at="2020-02-14T18:16:50 IST">
          <reporter-output>
          </reporter-output>
        </test-method> <!-- verifylogo -->
        <test-method status="PASS" signature="teardown()[pri:0, instance:com.nopcommerce.test.EcommerceTest@70e29e14]" name="teardown" is-config="true" duration-ms="81" started-at="2020-02-14T18:16:50 IST" finished-at="2020-02-14T18:16:50 IST">
          <reporter-output>
          </reporter-output>
        </test-method> <!-- teardown -->
      </class> <!-- com.nopcommerce.test.EcommerceTest -->
    </test> <!-- Test -->
  </suite> <!-- Suite -->
</testng-results>
